<?xml version="1.0" encoding="UTF-8"?>
<!-- Generated by org.testng.reporters.JUnitReportReporter -->
<testsuite hostname="DIN56001841" name="Basic" tests="1" failures="0" timestamp="8 Mar 2018 05:03:01 GMT" time="32.295" errors="0">
  <testcase name="testunits" time="32.295" classname="Basic"/>
</testsuite> <!-- Basic -->
